<?xml version="1.0" encoding="UTF-8"?>
<testng-results ignored="0" total="1" passed="1" failed="0" skipped="0">
  <reporter-output>
  </reporter-output>
  <suite started-at="2020-12-10T04:54:46Z" name="Default suite" finished-at="2020-12-10T04:55:12Z" duration-ms="25637">
    <groups>
    </groups>
    <test started-at="2020-12-10T04:54:46Z" name="Default test" finished-at="2020-12-10T04:55:12Z" duration-ms="25637">
      <class name="altirnao.test.AodocsTest">
        <test-method is-config="true" signature="setUp()[pri:0, instance:altirnao.test.AodocsTest@65bcf7c2]" started-at="2020-12-10T04:54:46Z" name="setUp" finished-at="2020-12-10T04:54:55Z" duration-ms="8716" status="PASS">
          <reporter-output>
          </reporter-output>
        </test-method> <!-- setUp -->
        <test-method signature="AodocsTest()[pri:0, instance:altirnao.test.AodocsTest@65bcf7c2]" started-at="2020-12-10T04:54:55Z" name="AodocsTest" finished-at="2020-12-10T04:55:11Z" duration-ms="15821" status="PASS">
          <reporter-output>
          </reporter-output>
        </test-method> <!-- AodocsTest -->
        <test-method is-config="true" signature="tearDown()[pri:0, instance:altirnao.test.AodocsTest@65bcf7c2]" started-at="2020-12-10T04:55:11Z" name="tearDown" finished-at="2020-12-10T04:55:12Z" duration-ms="791" status="PASS">
          <reporter-output>
          </reporter-output>
        </test-method> <!-- tearDown -->
      </class> <!-- altirnao.test.AodocsTest -->
    </test> <!-- Default test -->
  </suite> <!-- Default suite -->
</testng-results>
